<?xml version="1.0" encoding="UTF-8"?>
<testsuite xmlns:xsi="http://www.w3.org/2001/XMLSchema-instance" xsi:noNamespaceSchemaLocation="https://maven.apache.org/surefire/maven-surefire-plugin/xsd/surefire-test-report.xsd" version="3.0.1" name="com.mycompany.app.UtilityTest" time="0.018" tests="6" errors="0" skipped="0" failures="0">
  <properties>
[...]
</properties>
  <testcase name="testPrintIntArrayWithDifferentValues" classname="com.mycompany.app.UtilityTest" time="0.013"/>
  <testcase name="testPrintIntArray" classname="com.mycompany.app.UtilityTest" time="0.0"/>
  <testcase name="testPrintArrayList" classname="com.mycompany.app.UtilityTest" time="0.0"/>
  <testcase name="testPrintEmptyArrayList" classname="com.mycompany.app.UtilityTest" time="0.0"/>
  <testcase name="testPrintCharArray" classname="com.mycompany.app.UtilityTest" time="0.001"/>
  <testcase name="testPrintEmptyCharArray" classname="com.mycompany.app.UtilityTest" time="0.0"/>
</testsuite>